TN:
SF:lib/main.dart
FNF:0
FNH:0
DA:4,0
DA:5,0
DA:9,1
DA:12,1
DA:14,1
DA:15,1
DA:16,1
DA:18,1
DA:19,1
DA:20,1
DA:22,1
DA:23,1
DA:24,1
DA:25,1
DA:26,1
DA:29,1
DA:36,1
DA:37,1
DA:39,1
DA:40,1
DA:42,1
DA:43,1
DA:46,1
DA:51,1
DA:54,1
DA:61,1
DA:62,1
DA:64,1
DA:65,1
DA:68,1
DA:77,1
DA:80,1
DA:81,1
DA:82,1
DA:83,1
DA:86,1
DA:93,1
DA:94,1
DA:95,1
DA:96,1
DA:99,1
DA:106,1
DA:107,1
DA:110,1
DA:111,1
DA:114,1
DA:118,0
DA:119,0
DA:121,0
DA:122,0
DA:126,0
DA:127,0
DA:128,0
DA:132,0
DA:133,0
DA:143,1
DA:144,1
DA:147,1
DA:148,1
DA:151,1
DA:155,0
DA:156,0
DA:158,0
DA:159,0
DA:163,0
DA:164,0
DA:165,0
DA:169,0
DA:170,0
DA:180,1
DA:181,1
DA:182,1
DA:183,1
DA:186,1
DA:193,1
DA:194,1
DA:197,1
DA:198,1
DA:200,1
DA:203,0
DA:204,0
DA:206,0
DA:207,0
DA:211,0
DA:212,0
DA:213,0
DA:217,0
DA:218,0
LF:88
LH:59
end_of_record
