SF:lib/main.dart
DA:4,0
DA:5,0
DA:9,1
DA:12,1
DA:13,1
DA:19,1
DA:22,1
DA:23,1
DA:24,1
DA:26,1
DA:27,1
DA:28,1
DA:31,1
DA:32,1
DA:33,1
DA:34,1
DA:35,1
DA:36,1
DA:37,1
DA:40,1
DA:47,1
DA:48,1
DA:50,1
DA:51,1
DA:53,1
DA:54,1
DA:57,1
DA:62,1
DA:65,1
DA:72,1
DA:73,1
DA:75,1
DA:76,1
DA:79,1
DA:88,1
DA:91,1
DA:92,1
DA:93,1
DA:94,1
DA:97,1
DA:104,1
DA:105,1
DA:106,1
DA:107,1
DA:110,1
DA:117,1
DA:118,1
DA:121,1
DA:122,1
DA:125,1
DA:129,1
DA:130,1
DA:132,1
DA:133,1
DA:140,1
DA:141,1
DA:144,1
DA:145,1
DA:148,1
DA:152,1
DA:153,1
DA:155,1
DA:156,1
DA:163,1
DA:164,1
DA:165,1
DA:166,1
DA:169,1
DA:176,1
DA:177,1
DA:180,1
DA:181,1
DA:183,1
DA:186,1
DA:187,1
DA:189,2
DA:190,1
DA:194,1
DA:195,1
DA:196,1
DA:200,1
DA:201,2
DA:221,1
DA:224,1
DA:225,1
DA:229,1
DA:230,1
DA:231,1
DA:235,1
DA:236,2
LF:90
LH:88
end_of_record
