SF:lib/view/screens/payment_options.dart
DA:9,1
DA:11,1
DA:12,1
DA:13,1
DA:14,0
DA:16,1
DA:17,2
DA:20,1
LF:8
LH:7
end_of_record
SF:lib/model/payment_option.dart
DA:7,1
LF:1
LH:1
end_of_record
SF:lib/model/payment_options_model.dart
DA:10,1
DA:12,0
DA:13,0
DA:15,0
LF:4
LH:1
end_of_record
SF:lib/view/screens/home.dart
DA:6,0
DA:9,0
DA:10,0
DA:16,0
DA:19,0
DA:20,0
DA:21,0
DA:23,0
DA:24,0
DA:25,0
DA:28,0
DA:29,0
DA:30,0
DA:31,0
DA:32,0
DA:33,0
DA:34,0
DA:37,0
DA:44,0
DA:45,0
DA:47,0
DA:48,0
DA:50,0
DA:51,0
DA:54,0
DA:59,0
DA:62,0
DA:69,0
DA:70,0
DA:72,0
DA:73,0
DA:76,0
DA:85,0
DA:88,0
DA:89,0
DA:90,0
DA:91,0
DA:94,0
DA:101,0
DA:102,0
DA:103,0
DA:104,0
DA:107,0
DA:114,0
DA:115,0
DA:118,0
DA:119,0
DA:122,0
DA:126,0
DA:127,0
DA:129,0
DA:130,0
DA:137,0
DA:138,0
DA:141,0
DA:142,0
DA:145,0
DA:149,0
DA:150,0
DA:152,0
DA:153,0
DA:160,0
DA:161,0
DA:162,0
DA:163,0
DA:166,0
DA:173,0
DA:174,0
DA:177,0
DA:178,0
DA:180,0
DA:183,0
DA:184,0
DA:198,0
DA:201,0
DA:202,0
DA:206,0
DA:207,0
DA:208,0
DA:212,0
DA:213,0
LF:81
LH:0
end_of_record
SF:lib/view/widgets/payment_options_widget.dart
DA:13,1
DA:15,1
DA:16,1
DA:17,1
DA:19,1
DA:21,1
DA:22,1
DA:23,1
DA:25,1
DA:27,1
DA:33,1
DA:34,1
DA:35,3
DA:37,1
DA:39,1
DA:40,1
DA:41,1
DA:42,1
DA:43,1
DA:44,1
DA:45,1
DA:46,1
DA:47,1
DA:49,1
DA:55,1
DA:56,1
DA:58,1
DA:66,1
DA:67,1
DA:68,1
DA:69,1
DA:71,1
DA:77,1
DA:78,1
DA:79,1
DA:80,2
DA:81,1
DA:82,1
DA:83,1
DA:84,1
DA:89,1
DA:95,1
DA:101,1
DA:104,1
DA:105,1
DA:106,1
DA:108,1
DA:109,1
DA:111,1
DA:116,0
DA:117,0
DA:119,1
DA:121,1
DA:125,1
DA:126,1
DA:128,1
DA:132,1
DA:133,1
DA:135,1
DA:136,1
DA:138,1
DA:143,0
DA:148,1
DA:155,1
DA:158,1
DA:159,1
DA:160,1
DA:162,1
DA:163,1
DA:164,1
DA:165,4
DA:166,4
DA:167,2
DA:169,1
DA:171,1
DA:172,1
DA:173,1
DA:174,1
DA:175,1
DA:176,1
DA:178,3
DA:179,1
DA:180,2
DA:184,1
DA:185,1
DA:186,1
DA:190,1
DA:191,1
DA:192,1
DA:193,1
LF:90
LH:87
end_of_record
SF:lib/view_model/payment_options_view_model.dart
DA:18,1
DA:19,3
DA:20,3
DA:23,5
DA:27,1
DA:28,2
DA:29,3
DA:31,1
LF:8
LH:8
end_of_record
